2021-06-23 09:27:02.330  INFO 3920 --- [restartedMain] top.nizy.community.CommunityApplication  : Starting CommunityApplication using Java 1.8.0_271 on LenovoPC-NZY with PID 3920 (F:\JavaWork\community\target\classes started by NZY271 in F:\JavaWork\community)
2021-06-23 09:27:02.336  INFO 3920 --- [restartedMain] top.nizy.community.CommunityApplication  : No active profile set, falling back to default profiles: default
2021-06-23 09:27:02.416  INFO 3920 --- [restartedMain] .e.DevToolsPropertyDefaultsPostProcessor : Devtools property defaults active! Set 'spring.devtools.add-properties' to 'false' to disable
2021-06-23 09:27:02.416  INFO 3920 --- [restartedMain] .e.DevToolsPropertyDefaultsPostProcessor : For additional web related logging consider setting the 'logging.level.web' property to 'DEBUG'
2021-06-23 09:27:03.879  INFO 3920 --- [restartedMain] o.s.b.w.embedded.tomcat.TomcatWebServer  : Tomcat initialized with port(s): 8686 (http)
2021-06-23 09:27:03.886  INFO 3920 --- [restartedMain] o.apache.catalina.core.StandardService   : Starting service [Tomcat]
2021-06-23 09:27:03.887  INFO 3920 --- [restartedMain] org.apache.catalina.core.StandardEngine  : Starting Servlet engine: [Apache Tomcat/9.0.46]
2021-06-23 09:27:03.970  INFO 3920 --- [restartedMain] o.a.c.c.C.[Tomcat].[localhost].[/]       : Initializing Spring embedded WebApplicationContext
2021-06-23 09:27:03.970  INFO 3920 --- [restartedMain] w.s.c.ServletWebServerApplicationContext : Root WebApplicationContext: initialization completed in 1553 ms
2021-06-23 09:27:04.000  INFO 3920 --- [restartedMain] com.zaxxer.hikari.HikariDataSource       : HikariPool-1 - Starting...
2021-06-23 09:27:04.167  INFO 3920 --- [restartedMain] com.zaxxer.hikari.HikariDataSource       : HikariPool-1 - Start completed.
2021-06-23 09:27:04.172  INFO 3920 --- [restartedMain] o.s.b.a.h2.H2ConsoleAutoConfiguration    : H2 console available at '/h2-console'. Database available at 'jdbc:h2:F:/JavaWork/community/community'
2021-06-23 09:27:04.773  INFO 3920 --- [restartedMain] o.s.b.a.w.s.WelcomePageHandlerMapping    : Adding welcome page template: index
2021-06-23 09:27:04.889  INFO 3920 --- [restartedMain] o.f.c.internal.license.VersionPrinter    : Flyway Community Edition 7.7.3 by Redgate
2021-06-23 09:27:04.906  INFO 3920 --- [restartedMain] o.f.c.i.database.base.DatabaseType       : Database: jdbc:h2:F:/JavaWork/community/community (H2 1.4)
2021-06-23 09:27:05.016  INFO 3920 --- [restartedMain] o.f.core.internal.command.DbValidate     : Successfully validated 9 migrations (execution time 00:00.078s)
2021-06-23 09:27:05.027  INFO 3920 --- [restartedMain] o.f.core.internal.command.DbMigrate      : Current version of schema "PUBLIC": 9
2021-06-23 09:27:05.030  INFO 3920 --- [restartedMain] o.f.core.internal.command.DbMigrate      : Schema "PUBLIC" is up to date. No migration necessary.
2021-06-23 09:27:05.133  INFO 3920 --- [restartedMain] o.s.b.d.a.OptionalLiveReloadServer       : LiveReload server is running on port 35729
2021-06-23 09:27:05.159  INFO 3920 --- [restartedMain] o.s.b.w.embedded.tomcat.TomcatWebServer  : Tomcat started on port(s): 8686 (http) with context path ''
2021-06-23 09:27:05.167  INFO 3920 --- [scheduling-1] top.nizy.community.schedule.HotTagTasks  : hotTagSchedule start Wed Jun 23 09:27:05 CST 2021
2021-06-23 09:27:05.170  INFO 3920 --- [restartedMain] top.nizy.community.CommunityApplication  : Started CommunityApplication in 3.354 seconds (JVM running for 4.855)
2021-06-23 09:27:05.171  INFO 3920 --- [restartedMain] o.s.b.a.ApplicationAvailabilityBean      : Application availability state LivenessState changed to CORRECT
2021-06-23 09:27:05.173  INFO 3920 --- [restartedMain] o.s.b.a.ApplicationAvailabilityBean      : Application availability state ReadinessState changed to ACCEPTING_TRAFFIC
2021-06-23 09:27:05.209  INFO 3920 --- [scheduling-1] top.nizy.community.schedule.HotTagTasks  : hotTagSchedule stop Wed Jun 23 09:27:05 CST 2021
2021-06-23 09:27:10.970  INFO 3920 --- [http-nio-8686-exec-1] o.a.c.c.C.[Tomcat].[localhost].[/]       : Initializing Spring DispatcherServlet 'dispatcherServlet'
2021-06-23 09:27:10.970  INFO 3920 --- [http-nio-8686-exec-1] o.s.web.servlet.DispatcherServlet        : Initializing Servlet 'dispatcherServlet'
2021-06-23 09:27:10.972  INFO 3920 --- [http-nio-8686-exec-1] o.s.web.servlet.DispatcherServlet        : Completed initialization in 2 ms
2021-06-23 11:38:30.533  INFO 3564 --- [restartedMain] top.nizy.community.CommunityApplication  : Starting CommunityApplication using Java 1.8.0_271 on LenovoPC-NZY with PID 3564 (F:\JavaWork\community\target\classes started by NZY271 in F:\JavaWork\community)
2021-06-23 11:38:30.535  INFO 3564 --- [restartedMain] top.nizy.community.CommunityApplication  : No active profile set, falling back to default profiles: default
2021-06-23 11:38:30.591  INFO 3564 --- [restartedMain] .e.DevToolsPropertyDefaultsPostProcessor : Devtools property defaults active! Set 'spring.devtools.add-properties' to 'false' to disable
2021-06-23 11:38:30.592  INFO 3564 --- [restartedMain] .e.DevToolsPropertyDefaultsPostProcessor : For additional web related logging consider setting the 'logging.level.web' property to 'DEBUG'
2021-06-23 11:38:32.697  INFO 3564 --- [restartedMain] o.s.b.w.embedded.tomcat.TomcatWebServer  : Tomcat initialized with port(s): 8686 (http)
2021-06-23 11:38:32.712  INFO 3564 --- [restartedMain] o.apache.catalina.core.StandardService   : Starting service [Tomcat]
2021-06-23 11:38:32.712  INFO 3564 --- [restartedMain] org.apache.catalina.core.StandardEngine  : Starting Servlet engine: [Apache Tomcat/9.0.46]
2021-06-23 11:38:32.783  INFO 3564 --- [restartedMain] o.a.c.c.C.[Tomcat].[localhost].[/]       : Initializing Spring embedded WebApplicationContext
2021-06-23 11:38:32.784  INFO 3564 --- [restartedMain] w.s.c.ServletWebServerApplicationContext : Root WebApplicationContext: initialization completed in 2190 ms
2021-06-23 11:38:32.807  INFO 3564 --- [restartedMain] com.zaxxer.hikari.HikariDataSource       : HikariPool-1 - Starting...
2021-06-23 11:38:32.963  INFO 3564 --- [restartedMain] com.zaxxer.hikari.HikariDataSource       : HikariPool-1 - Start completed.
2021-06-23 11:38:32.967  INFO 3564 --- [restartedMain] o.s.b.a.h2.H2ConsoleAutoConfiguration    : H2 console available at '/h2-console'. Database available at 'jdbc:h2:F:/JavaWork/community/community'
2021-06-23 11:38:33.494  INFO 3564 --- [restartedMain] o.s.b.a.w.s.WelcomePageHandlerMapping    : Adding welcome page template: index
2021-06-23 11:38:33.590  INFO 3564 --- [restartedMain] o.f.c.internal.license.VersionPrinter    : Flyway Community Edition 7.7.3 by Redgate
2021-06-23 11:38:33.601  INFO 3564 --- [restartedMain] o.f.c.i.database.base.DatabaseType       : Database: jdbc:h2:F:/JavaWork/community/community (H2 1.4)
2021-06-23 11:38:33.680  INFO 3564 --- [restartedMain] o.f.core.internal.command.DbValidate     : Successfully validated 9 migrations (execution time 00:00.049s)
2021-06-23 11:38:33.690  INFO 3564 --- [restartedMain] o.f.core.internal.command.DbMigrate      : Current version of schema "PUBLIC": 9
2021-06-23 11:38:33.693  INFO 3564 --- [restartedMain] o.f.core.internal.command.DbMigrate      : Schema "PUBLIC" is up to date. No migration necessary.
2021-06-23 11:38:33.816  INFO 3564 --- [restartedMain] o.s.b.d.a.OptionalLiveReloadServer       : LiveReload server is running on port 35729
2021-06-23 11:38:33.842  INFO 3564 --- [restartedMain] o.s.b.w.embedded.tomcat.TomcatWebServer  : Tomcat started on port(s): 8686 (http) with context path ''
2021-06-23 11:38:33.852  INFO 3564 --- [scheduling-1] top.nizy.community.schedule.HotTagTasks  : hotTagSchedule start Wed Jun 23 11:38:33 CST 2021
2021-06-23 11:38:33.854  INFO 3564 --- [restartedMain] top.nizy.community.CommunityApplication  : Started CommunityApplication in 3.794 seconds (JVM running for 5.041)
2021-06-23 11:38:33.856  INFO 3564 --- [restartedMain] o.s.b.a.ApplicationAvailabilityBean      : Application availability state LivenessState changed to CORRECT
2021-06-23 11:38:33.857  INFO 3564 --- [restartedMain] o.s.b.a.ApplicationAvailabilityBean      : Application availability state ReadinessState changed to ACCEPTING_TRAFFIC
2021-06-23 11:38:33.892  INFO 3564 --- [scheduling-1] top.nizy.community.schedule.HotTagTasks  : hotTagSchedule stop Wed Jun 23 11:38:33 CST 2021
2021-06-23 11:38:42.409  INFO 3564 --- [http-nio-8686-exec-1] o.a.c.c.C.[Tomcat].[localhost].[/]       : Initializing Spring DispatcherServlet 'dispatcherServlet'
2021-06-23 11:38:42.410  INFO 3564 --- [http-nio-8686-exec-1] o.s.web.servlet.DispatcherServlet        : Initializing Servlet 'dispatcherServlet'
2021-06-23 11:38:42.410  INFO 3564 --- [http-nio-8686-exec-1] o.s.web.servlet.DispatcherServlet        : Completed initialization in 0 ms
